<?xml version="1.0" encoding="UTF-8" ?>
<testsuite errors="0" failures="0" hostname="Amresh-PC" name="com.test.TestTest" skipped="0" tests="1" time="17.738" timestamp="2017-05-06T14:27:14">
  <properties>
    <property name="java.vendor" value="Oracle Corporation" />
    <property name="sun.java.launcher" value="SUN_STANDARD" />
    <property name="eclipse.pdebuild.templates" value="/E:/Software/Java/eclipse-standard-kepler-SR2-win32-x86_64/eclipse/plugins/org.eclipse.pde.build_3.8.100.v20130514-1028/templates/" />
    <property name="sun.management.compiler" value="HotSpot 64-Bit Tiered Compilers" />
    <property name="env.PROMPT" value="$P$G" />
    <property name="os.name" value="Windows 7" />
    <property name="env.FP_NO_HOST_CHECK" value="NO" />
    <property name="sun.boot.class.path" value="C:\Program Files\Java\jre1.8.0_121\lib\charsets.jar;C:\Program Files\Java\jre1.8.0_121\lib\deploy.jar;C:\Program Files\Java\jre1.8.0_121\lib\javaws.jar;C:\Program Files\Java\jre1.8.0_121\lib\jce.jar;C:\Program Files\Java\jre1.8.0_121\lib\jfr.jar;C:\Program Files\Java\jre1.8.0_121\lib\jfxswt.jar;C:\Program Files\Java\jre1.8.0_121\lib\jsse.jar;C:\Program Files\Java\jre1.8.0_121\lib\management-agent.jar;C:\Program Files\Java\jre1.8.0_121\lib\plugin.jar;C:\Program Files\Java\jre1.8.0_121\lib\resources.jar;C:\Program Files\Java\jre1.8.0_121\lib\rt.jar;C:\Program Files\Java\jre1.8.0_121\lib\ext\access-bridge-64.jar;C:\Program Files\Java\jre1.8.0_121\lib\ext\cldrdata.jar;C:\Program Files\Java\jre1.8.0_121\lib\ext\dnsns.jar;C:\Program Files\Java\jre1.8.0_121\lib\ext\jaccess.jar;C:\Program Files\Java\jre1.8.0_121\lib\ext\jfxrt.jar;C:\Program Files\Java\jre1.8.0_121\lib\ext\localedata.jar;C:\Program Files\Java\jre1.8.0_121\lib\ext\nashorn.jar;C:\Program Files\Java\jre1.8.0_121\lib\ext\sunec.jar;C:\Program Files\Java\jre1.8.0_121\lib\ext\sunjce_provider.jar;C:\Program Files\Java\jre1.8.0_121\lib\ext\sunmscapi.jar;C:\Program Files\Java\jre1.8.0_121\lib\ext\sunpkcs11.jar;C:\Program Files\Java\jre1.8.0_121\lib\ext\zipfs.jar;E:\Software\Java\selenium-java-3.3.1\client-combined-3.3.1-nodeps.jar;E:\Software\Java\selenium-java-3.3.1\lib\cglib-nodep-3.2.4.jar;E:\Software\Java\selenium-java-3.3.1\lib\commons-codec-1.10.jar;E:\Software\Java\selenium-java-3.3.1\lib\commons-exec-1.3.jar;E:\Software\Java\selenium-java-3.3.1\lib\commons-io-2.5.jar;E:\Software\Java\selenium-java-3.3.1\lib\commons-lang3-3.5.jar;E:\Software\Java\selenium-java-3.3.1\lib\commons-logging-1.2.jar;E:\Software\Java\selenium-java-3.3.1\lib\cssparser-0.9.21.jar;E:\Software\Java\selenium-java-3.3.1\lib\gson-2.8.0.jar;E:\Software\Java\selenium-java-3.3.1\lib\guava-21.0.jar;E:\Software\Java\selenium-java-3.3.1\lib\hamcrest-core-1.3.jar;E:\Software\Java\selenium-java-3.3.1\lib\hamcrest-library-1.3.jar;E:\Software\Java\selenium-java-3.3.1\lib\htmlunit-2.24.jar;E:\Software\Java\selenium-java-3.3.1\lib\htmlunit-core-js-2.23.jar;E:\Software\Java\selenium-java-3.3.1\lib\htmlunit-driver-2.24.jar;E:\Software\Java\selenium-java-3.3.1\lib\httpclient-4.5.2.jar;E:\Software\Java\selenium-java-3.3.1\lib\httpcore-4.4.4.jar;E:\Software\Java\selenium-java-3.3.1\lib\httpmime-4.5.2.jar;E:\Software\Java\selenium-java-3.3.1\lib\javax.servlet-api-3.1.0.jar;E:\Software\Java\selenium-java-3.3.1\lib\jetty-io-9.4.1.v20170120.jar;E:\Software\Java\selenium-java-3.3.1\lib\jetty-util-9.4.1.v20170120.jar;E:\Software\Java\selenium-java-3.3.1\lib\jna-4.1.0.jar;E:\Software\Java\selenium-java-3.3.1\lib\jna-platform-4.1.0.jar;E:\Software\Java\selenium-java-3.3.1\lib\junit-4.12.jar;E:\Software\Java\selenium-java-3.3.1\lib\neko-htmlunit-2.24.jar;E:\Software\Java\selenium-java-3.3.1\lib\phantomjsdriver-1.4.0.jar;E:\Software\Java\selenium-java-3.3.1\lib\sac-1.3.jar;E:\Software\Java\selenium-java-3.3.1\lib\serializer-2.7.2.jar;E:\Software\Java\selenium-java-3.3.1\lib\websocket-api-9.2.20.v20161216.jar;E:\Software\Java\selenium-java-3.3.1\lib\websocket-client-9.2.20.v20161216.jar;E:\Software\Java\selenium-java-3.3.1\lib\websocket-common-9.2.20.v20161216.jar;E:\Software\Java\selenium-java-3.3.1\lib\xalan-2.7.2.jar;E:\Software\Java\selenium-java-3.3.1\lib\xercesImpl-2.11.0.jar;E:\Software\Java\selenium-java-3.3.1\lib\xml-apis-1.4.01.jar" />
    <property name="env.COMPUTERNAME" value="AMRESH-PC" />
    <property name="env.CommonProgramW6432" value="C:\Program Files\Common Files" />
    <property name="env.ALLUSERSPROFILE" value="C:\ProgramData" />
    <property name="sun.desktop" value="windows" />
    <property name="ant.file.TestDemo" value="C:\Users\Amresh\workspace\TestDemo\build.xml" />
    <property name="java.vm.specification.vendor" value="Oracle Corporation" />
    <property name="ant.home" value="E:\Software\Java\apache-ant-1.10.1" />
    <property name="java.runtime.version" value="1.8.0_121-b13" />
    <property name="env.HOMEPATH" value="\Users\Amresh" />
    <property name="user.name" value="Amresh" />
    <property name="user.language" value="en" />
    <property name="sun.boot.library.path" value="C:\Program Files\Java\jre1.8.0_121\bin" />
    <property name="ant.project.default-target" value="build" />
    <property name="ant.project.name" value="TestDemo" />
    <property name="java.version" value="1.8.0_121" />
    <property name="env.PROCESSOR_IDENTIFIER" value="Intel64 Family 6 Model 60 Stepping 3, GenuineIntel" />
    <property name="user.timezone" value="" />
    <property name="env.TEMP" value="C:\Users\Amresh\AppData\Local\Temp" />
    <property name="sun.arch.data.model" value="64" />
    <property name="java.endorsed.dirs" value="C:\Program Files\Java\jre1.8.0_121\lib\endorsed" />
    <property name="sun.cpu.isalist" value="amd64" />
    <property name="env.HOMEDRIVE" value="C:" />
    <property name="sun.jnu.encoding" value="Cp1252" />
    <property name="file.encoding.pkg" value="sun.io" />
    <property name="ECLIPSE_HOME" value="E:/Software/Java/eclipse-standard-kepler-SR2-win32-x86_64/eclipse" />
    <property name="file.separator" value="\" />
    <property name="java.specification.name" value="Java Platform API Specification" />
    <property name="java.class.version" value="52.0" />
    <property name="user.country" value="US" />
    <property name="java.home" value="C:\Program Files\Java\jre1.8.0_121" />
    <property name="env.PSModulePath" value="C:\Windows\system32\WindowsPowerShell\v1.0\Modules\" />
    <property name="env.APPDATA" value="C:\Users\Amresh\AppData\Roaming" />
    <property name="env.PUBLIC" value="C:\Users\Public" />
    <property name="java.vm.info" value="mixed mode" />
    <property name="env.ComSpec" value="C:\Windows\system32\cmd.exe" />
    <property name="env.OS" value="Windows_NT" />
    <property name="env.CommonProgramFiles" value="C:\Program Files\Common Files" />
    <property name="ant.file" value="C:\Users\Amresh\workspace\TestDemo\build.xml" />
    <property name="os.version" value="6.1" />
    <property name="env.ProgramW6432" value="C:\Program Files" />
    <property name="path.separator" value=";" />
    <property name="java.vm.version" value="25.121-b13" />
    <property name="env.USERPROFILE" value="C:\Users\Amresh" />
    <property name="user.variant" value="" />
    <property name="ant.library.dir" value="E:\Software\Java\apache-ant-1.10.1\lib" />
    <property name="junit.output.dir" value="C:/Users/Amresh/workspace/TestDemo/amr" />
    <property name="env.JAVA_HOME" value="C:\Program Files\Java\jdk1.8.0_121" />
    <property name="java.awt.printerjob" value="sun.awt.windows.WPrinterJob" />
    <property name="env.TMP" value="C:\Users\Amresh\AppData\Local\Temp" />
    <property name="sun.io.unicode.encoding" value="UnicodeLittle" />
    <property name="awt.toolkit" value="sun.awt.windows.WToolkit" />
    <property name="user.script" value="" />
    <property name="eclipse.pdebuild.scripts" value="/E:/Software/Java/eclipse-standard-kepler-SR2-win32-x86_64/eclipse/plugins/org.eclipse.pde.build_3.8.100.v20130514-1028/scripts/" />
    <property name="user.home" value="C:\Users\Amresh" />
    <property name="target" value="1.7" />
    <property name="env.ProgramData" value="C:\ProgramData" />
    <property name="env.SESSIONNAME" value="Console" />
    <property name="env.ProgramFiles(x86)" value="C:\Program Files (x86)" />
    <property name="java.specification.vendor" value="Oracle Corporation" />
    <property name="env.NUMBER_OF_PROCESSORS" value="4" />
    <property name="java.library.path" value="C:\Program Files\Java\jre1.8.0_121\bin;C:\Windows\Sun\Java\bin;C:\Windows\system32;C:\Windows;C:/Program Files/Java/jre1.8.0_121/bin/server;C:/Program Files/Java/jre1.8.0_121/bin;C:/Program Files/Java/jre1.8.0_121/lib/amd64;C:\ProgramData\Oracle\Java\javapath;C:\Program Files (x86)\NVIDIA Corporation\PhysX\Common;C:\Windows\system32;C:\Windows;C:\Windows\System32\Wbem;C:\Windows\System32\WindowsPowerShell\v1.0\;C:\Program Files (x86)\Cracklock\Bin;E:\Software\Java\eclipse-standard-kepler-SR2-win32-x86_64\eclipse;;." />
    <property name="java.vendor.url" value="http://java.oracle.com/" />
    <property name="java.vm.vendor" value="Oracle Corporation" />
    <property name="java.runtime.name" value="Java(TM) SE Runtime Environment" />
    <property name="ant.version" value="Apache Ant(TM) version 1.10.1 compiled on February 2 2017" />
    <property name="sun.java.command" value="org.apache.tools.ant.taskdefs.optional.junit.JUnitTestRunner com.test.TestTest skipNonTests=false filtertrace=true haltOnError=false haltOnFailure=false formatter=org.apache.tools.ant.taskdefs.optional.junit.OutErrSummaryJUnitResultFormatter showoutput=false outputtoformatters=true logfailedtests=true threadid=0 logtestlistenerevents=false formatter=org.apache.tools.ant.taskdefs.optional.junit.XMLJUnitResultFormatter,C:\Users\Amresh\workspace\TestDemo\amr\TEST-com.test.TestTest.xml crashfile=C:\Users\Amresh\workspace\TestDemo\junitvmwatcher9111777244577685893.properties propsfile=C:\Users\Amresh\workspace\TestDemo\junit8238654781268297626.properties" />
    <property name="java.class.path" value="C:\Users\Amresh\workspace\TestDemo\bin;E:\Software\Java\eclipse\plugins\org.junit_4.10.0.v4_10_0_v20120426-0900\junit.jar;E:\Software\Java\eclipse\plugins\org.hamcrest.core_1.1.0.v20090501071000.jar;E:\Software\Java\apache-ant-1.10.1\lib\ant-launcher.jar;E:\Software\Java\apache-ant-1.10.1\lib\ant.jar;E:\Software\Java\apache-ant-1.10.1\lib\ant-junit.jar;E:\Software\Java\apache-ant-1.10.1\lib\ant-junit4.jar" />
    <property name="java.vm.specification.name" value="Java Virtual Machine Specification" />
    <property name="env.windir" value="C:\Windows" />
    <property name="env.LOGONSERVER" value="\\AMRESH-PC" />
    <property name="java.vm.specification.version" value="1.8" />
    <property name="env.PROCESSOR_ARCHITECTURE" value="AMD64" />
    <property name="sun.cpu.endian" value="little" />
    <property name="sun.os.patch.level" value="Service Pack 1" />
    <property name="debuglevel" value="source,lines,vars" />
    <property name="env.ANT_HOME" value="E:\Software\Java\apache-ant-1.10.1" />
    <property name="env.ProgramFiles" value="C:\Program Files" />
    <property name="java.io.tmpdir" value="C:\Users\Amresh\AppData\Local\Temp\" />
    <property name="ant.file.type.TestDemo" value="file" />
    <property name="eclipse.pdebuild.home" value="/E:/Software/Java/eclipse-standard-kepler-SR2-win32-x86_64/eclipse/plugins/org.eclipse.pde.build_3.8.100.v20130514-1028/./" />
    <property name="env.PROCESSOR_REVISION" value="3c03" />
    <property name="env.CommonProgramFiles(x86)" value="C:\Program Files (x86)\Common Files" />
    <property name="java.vendor.url.bug" value="http://bugreport.sun.com/bugreport/" />
    <property name="env.SystemRoot" value="C:\Windows" />
    <property name="os.arch" value="amd64" />
    <property name="java.awt.graphicsenv" value="sun.awt.Win32GraphicsEnvironment" />
    <property name="java.ext.dirs" value="C:\Program Files\Java\jre1.8.0_121\lib\ext;C:\Windows\Sun\Java\lib\ext" />
    <property name="user.dir" value="C:\Users\Amresh\workspace\TestDemo" />
    <property name="env.LOCALAPPDATA" value="C:\Users\Amresh\AppData\Local" />
    <property name="line.separator" value="&#xd;&#xa;" />
    <property name="java.vm.name" value="Java HotSpot(TM) 64-Bit Server VM" />
    <property name="env.PATHEXT" value=".COM;.EXE;.BAT;.CMD;.VBS;.VBE;.JS;.JSE;.WSF;.WSH;.MSC" />
    <property name="env.Path" value="C:/Program Files/Java/jre1.8.0_121/bin/server;C:/Program Files/Java/jre1.8.0_121/bin;C:/Program Files/Java/jre1.8.0_121/lib/amd64;C:\ProgramData\Oracle\Java\javapath;C:\Program Files (x86)\NVIDIA Corporation\PhysX\Common;C:\Windows\system32;C:\Windows;C:\Windows\System32\Wbem;C:\Windows\System32\WindowsPowerShell\v1.0\;C:\Program Files (x86)\Cracklock\Bin;E:\Software\Java\eclipse-standard-kepler-SR2-win32-x86_64\eclipse;" />
    <property name="basedir" value="C:\Users\Amresh\workspace\TestDemo" />
    <property name="ant.java.version" value="1.8" />
    <property name="ant.core.lib" value="E:\Software\Java\apache-ant-1.10.1\lib\ant.jar" />
    <property name="env.USERNAME" value="Amresh" />
    <property name="source" value="1.7" />
    <property name="env.SystemDrive" value="C:" />
    <property name="file.encoding" value="Cp1252" />
    <property name="env.USERDOMAIN" value="Amresh-PC" />
    <property name="java.specification.version" value="1.8" />
    <property name="ant.project.invoked-targets" value="build" />
    <property name="env.PROCESSOR_LEVEL" value="6" />
  </properties>
  <testcase classname="com.test.TestTest" name="test" time="17.645" />
  <system-out><![CDATA[irctc - Google Search
]]></system-out>
  <system-err><![CDATA[Starting ChromeDriver 2.28.455520 (cc17746adff54984afff480136733114c6b3704b) on port 40467
Only local connections are allowed.
May 06, 2017 7:57:17 PM org.openqa.selenium.remote.ProtocolHandshake createSession
INFO: Detected dialect: OSS
]]></system-err>
</testsuite>
